<?xml version="1.0" encoding="UTF-8"?>
<!-- Generated by org.testng.reporters.JUnitReportReporter -->
<testsuite skipped="0" hostname="VIJAYHK-PC" name="TestVagrant.Hotels.SignInTest2" tests="1" failures="0" timestamp="09 Dec 2017 13:31:00 GMT" time="19.367" errors="0">
  <testcase name="shouldThrowAnErrorIfSignInDetailsAreMissing" time="19.367" classname="TestVagrant.Hotels.SignInTest2"/>
</testsuite> <!-- TestVagrant.Hotels.SignInTest2 -->
