<?xml version="1.0" encoding="UTF-8"?>
<!-- Generated by org.testng.reporters.JUnitReportReporter -->
<testsuite skipped="0" hostname="VIJAYHK-PC" name="TestVagrant.Hotels.FlightBookingTest2" tests="1" failures="0" timestamp="09 Dec 2017 13:31:00 GMT" time="19.226" errors="0">
  <testcase name="testThatResultsAppearForAOneWayJourney" time="19.226" classname="TestVagrant.Hotels.FlightBookingTest2"/>
</testsuite> <!-- TestVagrant.Hotels.FlightBookingTest2 -->
